This is pdfTeX, Version 3.14159265-2.6-1.40.17 (TeX Live 2016) (preloaded format=pdflatex 2017.3.16)  25 OCT 2023 12:08
entering extended mode
 restricted \write18 enabled.
 %&-line parsing enabled.
**LinearModels-Lecture-Slide.tex
(./LinearModels-Lecture-Slide.tex
LaTeX2e <2016/03/31>
Babel <3.9r> and hyphenation patterns for 83 language(s) loaded.
(/usr/local/texlive/2016/texmf-dist/tex/latex/base/slides.cls
Document Class: slides 2016/03/29 v2.4a Standard LaTeX document class
(/usr/local/texlive/2016/texmf-dist/tex/latex/base/slides.def
File: slides.def 2016/03/29 v2.4a SLiTeX definitions
 hacks, slides,
\c@page=\count79

picture, mods,
\@smashboxa=\box26
\@smashboxb=\box27
\@smashboxc=\box28
 output, init)
(/usr/local/texlive/2016/texmf-dist/tex/latex/base/sfonts.def
File: sfonts.def 1998/06/12 v2.2e Standard LaTeX slide font definitions

(/usr/local/texlive/2016/texmf-dist/tex/latex/base/ot1lcmss.fd
File: ot1lcmss.fd 1998/06/12 v2.2e Standard LaTeX slide font definitions
))
\c@minutes=\count80
\c@seconds=\count81
\c@mv@invisible=\count82
LaTeX Font Info:    Overwriting symbol font `operators' in version `normal'
(Font)                  OT1/cmr/m/n --> OT1/lcmss/m/n on input line 359.
LaTeX Font Info:    Overwriting symbol font `letters' in version `normal'
(Font)                  OML/cmm/m/it --> OML/lcmm/m/it on input line 362.
LaTeX Font Info:    Overwriting symbol font `symbols' in version `normal'
(Font)                  OMS/cmsy/m/n --> OMS/lcmsy/m/n on input line 364.
LaTeX Font Info:    Overwriting symbol font `largesymbols' in version `normal'
(Font)                  OMX/cmex/m/n --> OMX/lcmex/m/n on input line 366.
LaTeX Font Info:    Overwriting symbol font `operators' in version `invisible'
(Font)                  OT1/cmr/m/n --> OT1/lcmss/m/In on input line 369.
LaTeX Font Info:    Overwriting symbol font `letters' in version `invisible'
(Font)                  OML/cmm/m/it --> OML/lcmm/m/Iit on input line 371.
LaTeX Font Info:    Overwriting symbol font `symbols' in version `invisible'
(Font)                  OMS/cmsy/m/n --> OMS/lcmsy/m/In on input line 373.
LaTeX Font Info:    Overwriting symbol font `largesymbols' in version `invisibl
e'
(Font)                  OMX/cmex/m/n --> OMX/lcmex/m/In on input line 375.
)
(/usr/local/texlive/2016/texmf-dist/tex/latex/graphics/color.sty
Package: color 2016/05/09 v1.1c Standard LaTeX Color (DPC)

(/usr/local/texlive/2016/texmf-dist/tex/latex/graphics-cfg/color.cfg
File: color.cfg 2016/01/02 v1.6 sample color configuration
)
Package color Info: Driver file: pdftex.def on input line 144.

(/usr/local/texlive/2016/texmf-dist/tex/latex/pdftex-def/pdftex.def
File: pdftex.def 2011/05/27 v0.06d Graphics/color for pdfTeX

(/usr/local/texlive/2016/texmf-dist/tex/generic/oberdiek/infwarerr.sty
Package: infwarerr 2016/05/16 v1.4 Providing info/warning/error messages (HO)
)
(/usr/local/texlive/2016/texmf-dist/tex/generic/oberdiek/ltxcmds.sty
Package: ltxcmds 2016/05/16 v1.23 LaTeX kernel commands for general use (HO)
)
\Gread@gobject=\count83
))
(/usr/local/texlive/2016/texmf-dist/tex/latex/graphics/graphicx.sty
Package: graphicx 2014/10/28 v1.0g Enhanced LaTeX Graphics (DPC,SPQR)

(/usr/local/texlive/2016/texmf-dist/tex/latex/graphics/keyval.sty
Package: keyval 2014/10/28 v1.15 key=value parser (DPC)
\KV@toks@=\toks14
)
(/usr/local/texlive/2016/texmf-dist/tex/latex/graphics/graphics.sty
Package: graphics 2016/05/09 v1.0r Standard LaTeX Graphics (DPC,SPQR)

(/usr/local/texlive/2016/texmf-dist/tex/latex/graphics/trig.sty
Package: trig 2016/01/03 v1.10 sin cos tan (DPC)
)
(/usr/local/texlive/2016/texmf-dist/tex/latex/graphics-cfg/graphics.cfg
File: graphics.cfg 2016/01/02 v1.10 sample graphics configuration
)
Package graphics Info: Driver file: pdftex.def on input line 96.
)
\Gin@req@height=\dimen102
\Gin@req@width=\dimen103
)
(/usr/local/texlive/2016/texmf-dist/tex/latex/texpower/texpower.sty
Package: texpower 2005/04/08 v0.2 Create Dynamic Presentations with LaTeX.

(/usr/local/texlive/2016/texmf-dist/tex/latex/base/ifthen.sty
Package: ifthen 2014/09/29 v1.1c Standard LaTeX ifthen package (DPC)
)
(/usr/local/texlive/2016/texmf-dist/tex/latex/tools/calc.sty
Package: calc 2014/10/28 v4.3 Infix arithmetic (KKT,FJ)
\calc@Acount=\count84
\calc@Bcount=\count85
\calc@Adimen=\dimen104
\calc@Bdimen=\dimen105
\calc@Askip=\skip41
\calc@Bskip=\skip42
LaTeX Info: Redefining \setlength on input line 80.
LaTeX Info: Redefining \addtolength on input line 81.
\calc@Ccount=\count86
\calc@Cskip=\skip43
)
(/usr/local/texlive/2016/texmf-dist/tex/latex/texpower/tpoptions.cfg)
Package texpower Info: Producing display version. Dynamic features activated. o
n input line 76.

(/usr/local/texlive/2016/texmf-dist/tex/generic/oberdiek/ifpdf.sty
Package: ifpdf 2016/05/14 v3.1 Provides the ifpdf switch
)
\c@tmpcnta@TP=\count87
\c@tmpcntb@TP=\count88
\tempdima@TP=\skip44
\tempdimb@TP=\skip45
\tempbox@TP=\box29
Package color Info: Redefining color black on input line 340.
Package color Info: Redefining color white on input line 340.
Package color Info: Redefining color red on input line 340.
Package color Info: Redefining color green on input line 340.
Package color Info: Redefining color blue on input line 340.
Package color Info: Redefining color cyan on input line 340.
Package color Info: Redefining color magenta on input line 340.
Package color Info: Redefining color yellow on input line 340.

(/usr/local/texlive/2016/texmf-dist/tex/latex/texpower/tpcolors.cfg)
LaTeX Info: Redefining \em on input line 561.
\pbox@TP=\box30
\c@stripe@TP=\count89
\c@stripes@TP=\count90
\c@gradprogression@TP=\count91
\c@dgradhslope@TP=\count92
\c@dgradvslope@TP=\count93
\bgndbox@TP=\box31
\mempageconts@TP=\box32
\memfootins@TP=\insert199
\memoutput@TP=\toks15
\c@totalsteps=\count94
\c@firststep=\count95
\c@step=\count96
\c@stepcommand=\count97
\c@stepsperformed=\count98
\highlightboxsep=\skip46
\c@substep=\count99
\c@o@fs@TP=\count100
\ep@TP=\toks16
\texpower@verbatimfileout=\write3

(/usr/local/texlive/2016/texmf-dist/tex/latex/texpower/tpsettings.cfg))
\GPT@outputbox=\box33

(/usr/local/texlive/2016/texmf-dist/tex/latex/tpslifonts/tpslifonts.sty
Package: tpslifonts 2004/07/27 v0.6d Configure presentation fonts.

(/usr/local/texlive/2016/texmf-dist/tex/latex/base/t1cmr.fd
File: t1cmr.fd 2014/09/29 v2.5h Standard LaTeX font definitions
)
(/usr/local/texlive/2016/texmf-dist/tex/latex/base/t1cmfr.fd
File: t1cmfr.fd 2014/09/29 v2.5h Standard LaTeX font definitions
)
(/usr/local/texlive/2016/texmf-dist/tex/latex/base/t1cmdh.fd
File: t1cmdh.fd 2014/09/29 v2.5h Standard LaTeX font definitions
)
(/usr/local/texlive/2016/texmf-dist/tex/latex/base/t1cmfib.fd
File: t1cmfib.fd 2014/09/29 v2.5h Standard LaTeX font definitions
)
(/usr/local/texlive/2016/texmf-dist/tex/latex/base/t1cmss.fd
File: t1cmss.fd 2014/09/29 v2.5h Standard LaTeX font definitions
)
(/usr/local/texlive/2016/texmf-dist/tex/latex/base/t1cmtt.fd
File: t1cmtt.fd 2014/09/29 v2.5h Standard LaTeX font definitions
)
LaTeX Font Info:    Overwriting symbol font `letters' in version `normal'
(Font)                  OML/lcmm/m/it --> OML/cmm/m/it on input line 1069.
LaTeX Font Info:    Overwriting symbol font `symbols' in version `normal'
(Font)                  OMS/lcmsy/m/n --> OMS/cmsy/m/n on input line 1069.
LaTeX Font Info:    Overwriting symbol font `largesymbols' in version `normal'
(Font)                  OMX/lcmex/m/n --> OMX/cmex/m/n on input line 1069.
LaTeX Font Info:    Overwriting symbol font `letters' in version `bold'
(Font)                  OML/cmm/b/it --> OML/cmm/b/it on input line 1069.
LaTeX Font Info:    Overwriting symbol font `symbols' in version `bold'
(Font)                  OMS/cmsy/b/n --> OMS/cmsy/b/n on input line 1069.
LaTeX Font Info:    Overwriting symbol font `operators' in version `normal'
(Font)                  OT1/lcmss/m/n --> OT1/cmrm/m/n on input line 1078.
LaTeX Font Info:    Overwriting symbol font `operators' in version `bold'
(Font)                  OT1/cmr/bx/n --> OT1/cmrm/bx/n on input line 1078.
LaTeX Font Info:    Redeclaring math alphabet \mathbf on input line 1079.
LaTeX Font Info:    Overwriting math alphabet `\mathbf' in version `normal'
(Font)                  OT1/cmr/bx/n --> OT1/cmrm/bx/n on input line 1079.
LaTeX Font Info:    Overwriting math alphabet `\mathbf' in version `bold'
(Font)                  OT1/cmr/bx/n --> OT1/cmrm/bx/n on input line 1079.
LaTeX Font Info:    Overwriting math alphabet `\mathbf' in version `invisible'
(Font)                  OT1/cmr/bx/n --> OT1/cmrm/bx/n on input line 1079.
LaTeX Font Info:    Redeclaring math alphabet \mathsf on input line 1080.
LaTeX Font Info:    Overwriting math alphabet `\mathsf' in version `normal'
(Font)                  OT1/cmss/m/n --> OT1/lcmss/m/n on input line 1080.
LaTeX Font Info:    Overwriting math alphabet `\mathsf' in version `bold'
(Font)                  OT1/cmss/bx/n --> OT1/lcmss/m/n on input line 1080.
LaTeX Font Info:    Overwriting math alphabet `\mathsf' in version `invisible'
(Font)                  OT1/cmss/m/n --> OT1/lcmss/m/n on input line 1080.
LaTeX Font Info:    Redeclaring math alphabet \mathit on input line 1081.
LaTeX Font Info:    Overwriting math alphabet `\mathit' in version `normal'
(Font)                  OT1/cmr/m/it --> OT1/cmrm/m/it on input line 1081.
LaTeX Font Info:    Overwriting math alphabet `\mathit' in version `bold'
(Font)                  OT1/cmr/bx/it --> OT1/cmrm/m/it on input line 1081.
LaTeX Font Info:    Overwriting math alphabet `\mathit' in version `invisible'
(Font)                  OT1/cmr/m/it --> OT1/cmrm/m/it on input line 1081.
LaTeX Font Info:    Redeclaring math alphabet \mathtt on input line 1082.
LaTeX Font Info:    Overwriting math alphabet `\mathtt' in version `normal'
(Font)                  OT1/cmtt/m/n --> OT1/lcmtt/m/n on input line 1082.
LaTeX Font Info:    Overwriting math alphabet `\mathtt' in version `bold'
(Font)                  OT1/cmtt/m/n --> OT1/lcmtt/m/n on input line 1082.
LaTeX Font Info:    Overwriting math alphabet `\mathtt' in version `invisible'
(Font)                  OT1/cmtt/m/n --> OT1/lcmtt/m/n on input line 1082.
LaTeX Font Info:    Overwriting math alphabet `\mathsf' in version `bold'
(Font)                  OT1/lcmss/m/n --> OT1/lcmss/bx/n on input line 1083.
LaTeX Font Info:    Overwriting math alphabet `\mathit' in version `bold'
(Font)                  OT1/cmrm/m/it --> OT1/cmrm/bx/it on input line 1084.
LaTeX Font Info:    Overwriting math alphabet `\mathtt' in version `bold'
(Font)                  OT1/lcmtt/m/n --> OT1/lcmtt/bx/n on input line 1085.
)
(/usr/local/texlive/2016/texmf-dist/tex/latex/texpower/fixseminar.sty
Package: fixseminar 2003/05/26 v0.0.5 Fix some problems of seminar.
)
(/usr/local/texlive/2016/texmf-dist/tex/latex/amsmath/amsmath.sty
Package: amsmath 2016/03/10 v2.15b AMS math features
\@mathmargin=\skip47

For additional information on amsmath, use the `?' option.
(/usr/local/texlive/2016/texmf-dist/tex/latex/amsmath/amstext.sty
Package: amstext 2000/06/29 v2.01 AMS text

(/usr/local/texlive/2016/texmf-dist/tex/latex/amsmath/amsgen.sty
File: amsgen.sty 1999/11/30 v2.0 generic functions
\@emptytoks=\toks17
\ex@=\dimen106
))
(/usr/local/texlive/2016/texmf-dist/tex/latex/amsmath/amsbsy.sty
Package: amsbsy 1999/11/29 v1.2d Bold Symbols
\pmbraise@=\dimen107
)
(/usr/local/texlive/2016/texmf-dist/tex/latex/amsmath/amsopn.sty
Package: amsopn 2016/03/08 v2.02 operator names
)
\inf@bad=\count101
LaTeX Info: Redefining \frac on input line 199.
\uproot@=\count102
\leftroot@=\count103
LaTeX Info: Redefining \overline on input line 297.
\classnum@=\count104
\DOTSCASE@=\count105
LaTeX Info: Redefining \ldots on input line 394.
LaTeX Info: Redefining \dots on input line 397.
LaTeX Info: Redefining \cdots on input line 518.
\Mathstrutbox@=\box34
\strutbox@=\box35
\big@size=\dimen108
LaTeX Font Info:    Redeclaring font encoding OML on input line 634.
LaTeX Font Info:    Redeclaring font encoding OMS on input line 635.
\macc@depth=\count106
\c@MaxMatrixCols=\count107
\dotsspace@=\muskip10
\c@parentequation=\count108
\dspbrk@lvl=\count109
\tag@help=\toks18
\row@=\count110
\column@=\count111
\maxfields@=\count112
\andhelp@=\toks19
\eqnshift@=\dimen109
\alignsep@=\dimen110
\tagshift@=\dimen111
\tagwidth@=\dimen112
\totwidth@=\dimen113
\lineht@=\dimen114
\@envbody=\toks20
\multlinegap=\skip48
\multlinetaggap=\skip49
\mathdisplay@stack=\toks21
LaTeX Info: Redefining \[ on input line 2739.
LaTeX Info: Redefining \] on input line 2740.
)
(/usr/local/texlive/2016/texmf-dist/tex/latex/amsfonts/amsfonts.sty
Package: amsfonts 2013/01/14 v3.01 Basic AMSFonts support
\symAMSa=\mathgroup4
\symAMSb=\mathgroup5
LaTeX Font Info:    Overwriting math alphabet `\mathfrak' in version `bold'
(Font)                  U/euf/m/n --> U/euf/b/n on input line 106.
)
(/usr/local/texlive/2016/texmf-dist/tex/latex/amsfonts/amssymb.sty
Package: amssymb 2013/01/14 v3.01 AMS font symbols
)
(/usr/local/texlive/2016/texmf-dist/tex/latex/fancyvrb/fancyvrb.sty
Package: fancyvrb 2008/02/07

Style option: `fancyvrb' v2.7a, with DG/SPQR fixes, and firstline=lastline fix 
<2008/02/07> (tvz)
\FV@CodeLineNo=\count113
\FV@InFile=\read1
\FV@TabBox=\box36
\c@FancyVerbLine=\count114
\FV@StepNumber=\count115
\FV@OutFile=\write4
) (./LinearModels-Lecture-Slide.aux)
\openout1 = `LinearModels-Lecture-Slide.aux'.

LaTeX Font Info:    Checking defaults for OML/cmm/m/it on input line 47.
LaTeX Font Info:    ... okay on input line 47.
LaTeX Font Info:    Checking defaults for T1/cmr/m/n on input line 47.
LaTeX Font Info:    ... okay on input line 47.
LaTeX Font Info:    Checking defaults for OT1/lcmss/m/n on input line 47.
LaTeX Font Info:    ... okay on input line 47.
LaTeX Font Info:    Checking defaults for OMS/cmsy/m/n on input line 47.
LaTeX Font Info:    ... okay on input line 47.
LaTeX Font Info:    Checking defaults for OMX/cmex/m/n on input line 47.
LaTeX Font Info:    ... okay on input line 47.
LaTeX Font Info:    Checking defaults for U/cmr/m/n on input line 47.
LaTeX Font Info:    ... okay on input line 47.

(/usr/local/texlive/2016/texmf-dist/tex/context/base/mkii/supp-pdf.mkii
[Loading MPS to PDF converter (version 2006.09.02).]
\scratchcounter=\count116
\scratchdimen=\dimen115
\scratchbox=\box37
\nofMPsegments=\count117
\nofMParguments=\count118
\everyMPshowfont=\toks22
\MPscratchCnt=\count119
\MPscratchDim=\dimen116
\MPnumerator=\count120
\makeMPintoPDFobject=\count121
\everyMPtoPDFconversion=\toks23
) (/usr/local/texlive/2016/texmf-dist/tex/generic/oberdiek/pdftexcmds.sty
Package: pdftexcmds 2016/05/10 v0.21 Utility functions of pdfTeX for LuaTeX (HO
)

(/usr/local/texlive/2016/texmf-dist/tex/generic/oberdiek/ifluatex.sty
Package: ifluatex 2016/05/16 v1.4 Provides the ifluatex switch (HO)
Package ifluatex Info: LuaTeX not detected.
)
Package pdftexcmds Info: LuaTeX not detected.
Package pdftexcmds Info: \pdf@primitive is available.
Package pdftexcmds Info: \pdf@ifprimitive is available.
Package pdftexcmds Info: \pdfdraftmode found.
)
(/usr/local/texlive/2016/texmf-dist/tex/latex/oberdiek/epstopdf-base.sty
Package: epstopdf-base 2016/05/15 v2.6 Base part for package epstopdf

(/usr/local/texlive/2016/texmf-dist/tex/latex/oberdiek/grfext.sty
Package: grfext 2016/05/16 v1.2 Manage graphics extensions (HO)

(/usr/local/texlive/2016/texmf-dist/tex/generic/oberdiek/kvdefinekeys.sty
Package: kvdefinekeys 2016/05/16 v1.4 Define keys (HO)
))
(/usr/local/texlive/2016/texmf-dist/tex/latex/oberdiek/kvoptions.sty
Package: kvoptions 2016/05/16 v3.12 Key value format for package options (HO)

(/usr/local/texlive/2016/texmf-dist/tex/generic/oberdiek/kvsetkeys.sty
Package: kvsetkeys 2016/05/16 v1.17 Key value parser (HO)

(/usr/local/texlive/2016/texmf-dist/tex/generic/oberdiek/etexcmds.sty
Package: etexcmds 2016/05/16 v1.6 Avoid name clashes with e-TeX commands (HO)
Package etexcmds Info: Could not find \expanded.
(etexcmds)             That can mean that you are not using pdfTeX 1.50 or
(etexcmds)             that some package has redefined \expanded.
(etexcmds)             In the latter case, load this package earlier.
)))
Package grfext Info: Graphics extension search list:
(grfext)             [.png,.pdf,.jpg,.mps,.jpeg,.jbig2,.jb2,.PNG,.PDF,.JPG,.JPE
G,.JBIG2,.JB2,.eps]
(grfext)             \AppendGraphicsExtensions on input line 456.

(/usr/local/texlive/2016/texmf-dist/tex/latex/latexconfig/epstopdf-sys.cfg
File: epstopdf-sys.cfg 2010/07/13 v1.3 Configuration of (r)epstopdf for TeX Liv
e
))

Package texpower Warning: Package hyperref not loaded.
(texpower)                Page transitions disabled on input line 47.


Package texpower Warning: Package hyperref not loaded.
(texpower)                Page duration disabled on input line 47.

Package texpower Info: Package soul not loaded.
(texpower)             Command \hidetext disabled on input line 47.
Package texpower Info: Package soul not loaded.
(texpower)             Command \highlighttext disabled on input line 47.

LaTeX Font Warning: Font shape `OT1/lcmss/bx/n' in size <23.89> not available
(Font)              Font shape `OT1/lcmss/b/n' tried instead on input line 51.

[1

{/usr/local/texlive/2016/texmf-var/fonts/map/pdftex/updmap/pdftex.map}]

LaTeX Font Warning: Font shape `OT1/lcmss/bx/n' in size <19.907> not available
(Font)              Font shape `OT1/lcmss/b/n' tried instead on input line 66.

[2]
LaTeX Font Info:    Font shape `OT1/lcmtt/m/n' will be
(Font)              scaled to size 23.88834pt on input line 84.
LaTeX Font Info:    Font shape `OT1/lcmtt/m/n' will be
(Font)              scaled to size 19.90794pt on input line 89.
 [3] [4]
<figures/7-LinearModels-Figures/ageprice.pdf, id=18, 361.35pt x 361.35pt>
File: figures/7-LinearModels-Figures/ageprice.pdf Graphic file (type pdf)

<use figures/7-LinearModels-Figures/ageprice.pdf>
Package pdftex.def Info: figures/7-LinearModels-Figures/ageprice.pdf used on in
put line 127.
(pdftex.def)             Requested size: 361.34912pt x 361.34912pt.
 [5 <./figures/7-LinearModels-Figures/ageprice.pdf>] [6]
<figures/7-LinearModels-Figures/agepricex.pdf, id=31, 361.35pt x 361.35pt>
File: figures/7-LinearModels-Figures/agepricex.pdf Graphic file (type pdf)

<use figures/7-LinearModels-Figures/agepricex.pdf>
Package pdftex.def Info: figures/7-LinearModels-Figures/agepricex.pdf used on i
nput line 153.
(pdftex.def)             Requested size: 361.34912pt x 361.34912pt.
 [7 <./figures/7-LinearModels-Figures/agepricex.pdf>]
Overfull \hbox (8.4542pt too wide) in paragraph at lines 162--168
[]\OT1/lcmss/m/n/19.907 One could think about re-peat-ing the cal-cu-la-tions p
er-formed above
 []

[8]
LaTeX Font Info:    Font shape `OT1/cmrm/m/n' will be
(Font)              scaled to size 22.89291pt on input line 180.
LaTeX Font Info:    Font shape `OT1/cmrm/m/n' will be
(Font)              scaled to size 19.07838pt on input line 180.
LaTeX Font Info:    Font shape `OT1/cmrm/m/n' will be
(Font)              scaled to size 15.89291pt on input line 180.
LaTeX Font Info:    Font shape `OML/cmm/m/it' will be
(Font)              scaled to size 22.89291pt on input line 180.
LaTeX Font Info:    Font shape `OML/cmm/m/it' will be
(Font)              scaled to size 19.07838pt on input line 180.
LaTeX Font Info:    Font shape `OML/cmm/m/it' will be
(Font)              scaled to size 15.89291pt on input line 180.
LaTeX Font Info:    Font shape `OMS/cmsy/m/n' will be
(Font)              scaled to size 22.89291pt on input line 180.
LaTeX Font Info:    Font shape `OMS/cmsy/m/n' will be
(Font)              scaled to size 19.07838pt on input line 180.
LaTeX Font Info:    Font shape `OMS/cmsy/m/n' will be
(Font)              scaled to size 15.89291pt on input line 180.
LaTeX Font Info:    Font shape `U/msa/m/n' will be
(Font)              scaled to size 22.89291pt on input line 180.
LaTeX Font Info:    Font shape `U/msa/m/n' will be
(Font)              scaled to size 19.07838pt on input line 180.
LaTeX Font Info:    Font shape `U/msa/m/n' will be
(Font)              scaled to size 15.89291pt on input line 180.
LaTeX Font Info:    Font shape `U/msb/m/n' will be
(Font)              scaled to size 22.89291pt on input line 180.
LaTeX Font Info:    Font shape `U/msb/m/n' will be
(Font)              scaled to size 19.07838pt on input line 180.
LaTeX Font Info:    Font shape `U/msb/m/n' will be
(Font)              scaled to size 15.89291pt on input line 180.
LaTeX Font Info:    Font shape `OT1/lcmtt/m/n' will be
(Font)              scaled to size 16.58395pt on input line 180.
 [9] [10] [11]

Class slides Warning: Slide 11 too long on input line 220.

[11] [12] [13] [14]

Class slides Warning: Slide 14 too long on input line 283.

[14]

Class slides Warning: Slide 14 too long on input line 292.

[14] [15]

Class slides Warning: Slide 15 too long on input line 321.

[15] [16]

Class slides Warning: Slide 16 too long on input line 357.

[16]

Class slides Warning: Slide 16 too long on input line 362.

[16] [17] [18]

Class slides Warning: Slide 18 too long on input line 405.

[18] [19] [20] [21] [22]
Overfull \hbox (5.72644pt too wide) in paragraph at lines 499--499
[]\OT1/lcmtt/m/n/16.59 Signif. codes:  0 `***' 0.001 `**' 0.01 `*' 0.05 `.' 0.1
 ` ' 1[] 
 []


Class slides Warning: Slide 22 too long on input line 500.

[22] [23]
<figures/7-LinearModels-Figures/mitsub_reg.pdf, id=123, 361.35pt x 361.35pt>
File: figures/7-LinearModels-Figures/mitsub_reg.pdf Graphic file (type pdf)

<use figures/7-LinearModels-Figures/mitsub_reg.pdf>
Package pdftex.def Info: figures/7-LinearModels-Figures/mitsub_reg.pdf used on 
input line 529.
(pdftex.def)             Requested size: 325.0pt x 325.00247pt.
 [24]

Class slides Warning: Slide 24 too long on input line 532.

[24 <./figures/7-LinearModels-Figures/mitsub_reg.pdf>] [25]

Class slides Warning: Slide 25 too long on input line 584.

[25]

Class slides Warning: Slide 25 too long on input line 589.

[25] [26] (./LinearModels-Lecture-Slide.aux) ) 
Here is how much of TeX's memory you used:
 4621 strings out of 493014
 73064 string characters out of 6133351
 133504 words of memory out of 5000000
 8092 multiletter control sequences out of 15000+600000
 10675 words of font info for 41 fonts, out of 8000000 for 9000
 1141 hyphenation exceptions out of 8191
 38i,13n,24p,282b,452s stack positions out of 5000i,500n,10000p,200000b,80000s
</usr/local/texlive/2016/texmf-di
st/fonts/type1/public/amsfonts/cm/cmex10.pfb></usr/local/texlive/2016/texmf-dis
t/fonts/type1/public/amsfonts/cm/cmmi8.pfb></usr/local/texlive/2016/texmf-dist/
fonts/type1/public/amsfonts/cm/cmr8.pfb></usr/local/texlive/2016/texmf-dist/fon
ts/type1/public/amsfonts/cm/cmsy8.pfb></usr/local/texlive/2016/texmf-dist/fonts
/type1/public/amsfonts/cm/cmtt8.pfb></usr/local/texlive/2016/texmf-dist/fonts/t
ype1/public/amsfonts/latxfont/lcmss8.pfb></usr/local/texlive/2016/texmf-dist/fo
nts/type1/public/amsfonts/latxfont/lcmssb8.pfb></usr/local/texlive/2016/texmf-d
ist/fonts/type1/public/amsfonts/latxfont/lcmssi8.pfb>
Output written on LinearModels-Lecture-Slide.pdf (37 pages, 142589 bytes).
PDF statistics:
 179 PDF objects out of 1000 (max. 8388607)
 124 compressed objects within 2 object streams
 0 named destinations out of 1000 (max. 500000)
 16 words of extra memory for PDF output out of 10000 (max. 10000000)

